<?xml version="1.0" encoding="UTF-8"?>
<!-- Generated by org.testng.reporters.JUnitReportReporter -->
<testsuite hostname="IND-CHN-LT12568" failures="0" tests="2" name="pageTesting.Project5TestCases" time="4.968" errors="0" timestamp="2024-03-20T15:39:04 IST" skipped="0">
  <testcase classname="pageTesting.Project5TestCases" name="dragAndDropTest" time="3.395">
    <system-out>
      <![CDATA[In   Others -> Drag and Drop Testing is Started !!

In   Others -> Drag and Drop Testing is Completed !!]]>
    </system-out>
  </testcase> <!-- dragAndDropTest -->
  <testcase classname="pageTesting.Project5TestCases" name="dynamicDataTest" time="1.573">
    <system-out>
      <![CDATA[In   Others -> Dynamic Data Testing is Started !!

In   Others -> Dynamic Data Testing is Completed !!]]>
    </system-out>
  </testcase> <!-- dynamicDataTest -->
  <system-out>
    <![CDATA[In Input Forms Simple Form Demo Execution is Started !!

In Input Forms Simple Form Demo Execution is completed !!
In Input Forms Check Box Demo Execution is Started !!

In Input Forms Check Box Demo Execution is Completed !!
In Input Forms Radio Buttons Demo Execution is Started !!

Input Forms Radio buttons Demo Execution is Completed !!
In Input Forms Select Dropdown Demo Execution is Started !!

Input Forms Select Dropdown Demo Execution is Completed !!
In Input Forms Submit form Demo Execution is Started !!

In Input Forms Submit form Demo Execution is Completed !!
In Table -> Pagination Testing is Started !!

In Table -> Pagination Testing is Completed !!
In Table -> Table Data Search Testing is Started !!

In Table -> Table Data Search Testing is Completed !!
In Table -> Table Sort And Search Testing is Started !!

In Table -> Table Sort And Search Testing is Completed !!

In  Alerts & Modals -> Bootstrap Alerts Testing is Started !!

In  Alerts & Modals -> Bootstrap Alerts Testing is Completed !!
In  Alerts & Modals -> Window Popup Modal Testing is Started !!

In  Alerts & Modals -> Window Popup Modal Testing is Completed !!
In  Alerts & Modals -> Progress Bar Modal Testing is Started !!

In  Alerts & Modals -> Progress Bar Modal Testing is Completed !!
In   List Box -> Bootstrap List Box Testing is Started !!

In   List Box -> Bootstrap List Box Testing is Completed !!
In List Box -> JQuery List Box Testing is Started !!

In List Box -> JQuery List Box Testing is Completed !!
In   Others -> Drag and Drop Testing is Started !!

In   Others -> Drag and Drop Testing is Completed !!
In   Others -> Dynamic Data Testing is Started !!

In   Others -> Dynamic Data Testing is Completed !!]]>
  </system-out>
</testsuite> <!-- pageTesting.Project5TestCases -->
