<?xml version="1.0" encoding="UTF-8"?>
<!-- Generated by org.testng.reporters.JUnitReportReporter -->
<testsuite hostname="IND-CHN-LT12568" failures="0" tests="6" name="pageTesting.NewTest" time="6.786" errors="0" timestamp="2024-02-28T15:15:18 IST" skipped="0">
  <testcase classname="pageTesting.NewTest" name="homePageTesting" time="0.349"/>
  <testcase classname="pageTesting.NewTest" name="simpleFormTest" time="0.565"/>
  <testcase classname="pageTesting.NewTest" name="checkBoxTest" time="1.250"/>
  <testcase classname="pageTesting.NewTest" name="radioButtonsTest" time="0.717"/>
  <testcase classname="pageTesting.NewTest" name="selectDropdownTest" time="1.407"/>
  <testcase classname="pageTesting.NewTest" name="inputFormTest" time="2.498"/>
</testsuite> <!-- pageTesting.NewTest -->
